<?xml version="1.0" encoding="UTF-8"?>
<!-- Generated by org.testng.reporters.JUnitReportReporter -->
<testsuite hostname="LTIN181379" failures="0" tests="1" name="testCases.TC_3_16_LoanAmtCalculator_ValidatingInterestRateTextBox" time="1.476" errors="0" timestamp="2024-03-27T10:26:23 IST" skipped="0">
  <testcase classname="testCases.TC_3_16_LoanAmtCalculator_ValidatingInterestRateTextBox" name="validateInterestRateTextBox" time="1.476"/>
</testsuite> <!-- testCases.TC_3_16_LoanAmtCalculator_ValidatingInterestRateTextBox -->
