<?xml version="1.0" encoding="UTF-8"?>
<!-- Generated by org.testng.reporters.JUnitReportReporter -->
<testsuite hostname="LTIN181379" failures="0" tests="1" name="testCases.TC_3_27_LoanTenureCalculator_IntegressionTestingForLoanAmountTextBoxAndSlider" time="12.677" errors="0" timestamp="2024-03-27T10:26:23 IST" skipped="0">
  <testcase classname="testCases.TC_3_27_LoanTenureCalculator_IntegressionTestingForLoanAmountTextBoxAndSlider" name="validatingDataFlowBetweenLoanAmountSliderAndTextBox" time="12.677"/>
</testsuite> <!-- testCases.TC_3_27_LoanTenureCalculator_IntegressionTestingForLoanAmountTextBoxAndSlider -->
