<?xml version="1.0" encoding="UTF-8"?>
<!-- Generated by org.testng.reporters.JUnitReportReporter -->
<testsuite hostname="LTIN181379" failures="0" tests="1" name="testCases.TC_3_11_EMICalculator_ValidatingFeesAndChargesSlider" time="1.066" errors="0" timestamp="2024-03-27T10:26:23 IST" skipped="0">
  <testcase classname="testCases.TC_3_11_EMICalculator_ValidatingFeesAndChargesSlider" name="validateFeesAndChargesSlider" time="1.066"/>
</testsuite> <!-- testCases.TC_3_11_EMICalculator_ValidatingFeesAndChargesSlider -->
